This is pdfTeX, Version 3.141592-1.40.4 (MiKTeX 2.7) (preloaded format=pdflatex 2008.1.8)  17 JAN 2008 14:59
entering extended mode
**F:/Gael/Cahier_Gael/Tex_page_62/Tex_page_62/2006_02_23_Longitudinal_TOF_cutti
ng_with_ceramic.tex

(F:/Gael/Cahier_Gael/Tex_page_62/Tex_page_62/2006_02_23_Longitudinal_TOF_cuttin
g_with_ceramic.tex
LaTeX2e <2005/12/01>
Babel <v3.8h> and hyphenation patterns for english, dumylang, nohyphenation, ge
rman, ngerman, french, loaded.
("E:\Program Files\MiKTeX 2.7\tex\latex\base\article.cls"
Document Class: article 2005/09/16 v1.4f Standard LaTeX document class
("E:\Program Files\MiKTeX 2.7\tex\latex\base\size11.clo"
File: size11.clo 2005/09/16 v1.4f Standard LaTeX file (size option)
)
\c@part=\count79
\c@section=\count80
\c@subsection=\count81
\c@subsubsection=\count82
\c@paragraph=\count83
\c@subparagraph=\count84
\c@figure=\count85
\c@table=\count86
\abovecaptionskip=\skip41
\belowcaptionskip=\skip42
\bibindent=\dimen102
)
("E:\Program Files\MiKTeX 2.7\tex\latex\graphics\epsfig.sty"
Package: epsfig 1999/02/16 v1.7a (e)psfig emulation (SPQR)

("E:\Program Files\MiKTeX 2.7\tex\latex\graphics\graphicx.sty"
Package: graphicx 1999/02/16 v1.0f Enhanced LaTeX Graphics (DPC,SPQR)

("E:\Program Files\MiKTeX 2.7\tex\latex\graphics\keyval.sty"
Package: keyval 1999/03/16 v1.13 key=value parser (DPC)
\KV@toks@=\toks14
)
("E:\Program Files\MiKTeX 2.7\tex\latex\graphics\graphics.sty"
Package: graphics 2006/02/20 v1.0o Standard LaTeX Graphics (DPC,SPQR)

("E:\Program Files\MiKTeX 2.7\tex\latex\graphics\trig.sty"
Package: trig 1999/03/16 v1.09 sin cos tan (DPC)
)
("E:\Program Files\MiKTeX 2.7\tex\latex\00miktex\graphics.cfg"
File: graphics.cfg 2007/01/18 v1.5 graphics configuration of teTeX/TeXLive
)
Package graphics Info: Driver file: pdftex.def on input line 90.

("E:\Program Files\MiKTeX 2.7\tex\latex\graphics\pdftex.def"
File: pdftex.def 2007/06/12 v0.04h Graphics/color for pdfTeX
\Gread@gobject=\count87
))
\Gin@req@height=\dimen103
\Gin@req@width=\dimen104
)
\epsfxsize=\dimen105
\epsfysize=\dimen106
)
("E:\Program Files\MiKTeX 2.7\tex\latex\amsfonts\amssymb.sty"
Package: amssymb 2002/01/22 v2.2d

("E:\Program Files\MiKTeX 2.7\tex\latex\amsfonts\amsfonts.sty"
Package: amsfonts 2001/10/25 v2.2f
\@emptytoks=\toks15
\symAMSa=\mathgroup4
\symAMSb=\mathgroup5
LaTeX Font Info:    Overwriting math alphabet `\mathfrak' in version `bold'
(Font)                  U/euf/m/n --> U/euf/b/n on input line 132.
))
("E:\Program Files\MiKTeX 2.7\tex\latex\base\t1enc.sty"
Package: t1enc 1994/06/01 Standard LaTeX package
)
("E:\Program Files\MiKTeX 2.7\tex\latex\base\inputenc.sty"
Package: inputenc 2006/05/05 v1.1b Input encoding file
\inpenc@prehook=\toks16
\inpenc@posthook=\toks17

("E:\Program Files\MiKTeX 2.7\tex\latex\base\latin1.def"
File: latin1.def 2006/05/05 v1.1b Input encoding file
))
("E:\Program Files\MiKTeX 2.7\tex\generic\babel\babel.sty"
Package: babel 2005/11/23 v3.8h The Babel package

*************************************
* Local config file bblopts.cfg used
*
("E:\Program Files\MiKTeX 2.7\tex\latex\00miktex\bblopts.cfg"
File: bblopts.cfg 2006/07/31 v1.0 MiKTeX 'babel' configuration
)
("E:\Program Files\MiKTeX 2.7\tex\generic\babel\english.ldf"
Language: english 2005/03/30 v3.3o English support from the babel system

("E:\Program Files\MiKTeX 2.7\tex\generic\babel\babel.def"
File: babel.def 2005/11/23 v3.8h Babel common definitions
\babel@savecnt=\count88
\U@D=\dimen107
)
\l@british = a dialect from \language\l@english 
\l@UKenglish = a dialect from \language\l@english 
\l@canadian = a dialect from \language\l@american 
\l@australian = a dialect from \language\l@british 
\l@newzealand = a dialect from \language\l@british 
)
("E:\Program Files\MiKTeX 2.7\tex\generic\babel\frenchb.ldf"
Language: french 2005/02/06 v1.6g French support from the babel system
Package babel Info: Making : an active character on input line 219.
Package babel Info: Making ; an active character on input line 220.
Package babel Info: Making ! an active character on input line 221.
Package babel Info: Making ? an active character on input line 222.
LaTeX Font Info:    Redeclaring font encoding T1 on input line 299.
\parindentFFN=\dimen108
\std@mcc=\count89
\dec@mcc=\count90

*************************************
* Local config file frenchb.cfg used
*
("E:\Program Files\MiKTeX 2.7\tex\generic\babel\frenchb.cfg")))

LaTeX Warning: Unused global option(s):
    [a4].

(2006_02_23_Longitudinal_TOF_cutting_with_ceramic.aux)
LaTeX Font Info:    Checking defaults for OML/cmm/m/it on input line 16.
LaTeX Font Info:    ... okay on input line 16.
LaTeX Font Info:    Checking defaults for T1/lmr/m/n on input line 16.
LaTeX Font Info:    Try loading font information for T1+lmr on input line 16.

("E:\Program Files\MiKTeX 2.7\tex\latex\lm\t1lmr.fd"
File: t1lmr.fd 2007/01/14 v1.3 Font defs for Latin Modern
)
LaTeX Font Info:    ... okay on input line 16.
LaTeX Font Info:    Checking defaults for OT1/cmr/m/n on input line 16.
LaTeX Font Info:    ... okay on input line 16.
LaTeX Font Info:    Checking defaults for OMS/cmsy/m/n on input line 16.
LaTeX Font Info:    ... okay on input line 16.
LaTeX Font Info:    Checking defaults for OMX/cmex/m/n on input line 16.
LaTeX Font Info:    ... okay on input line 16.
LaTeX Font Info:    Checking defaults for U/cmr/m/n on input line 16.
LaTeX Font Info:    ... okay on input line 16.

("E:\Program Files\MiKTeX 2.7\tex\context\base\supp-pdf.tex"
[Loading MPS to PDF converter (version 2006.09.02).]
\scratchcounter=\count91
\scratchdimen=\dimen109
\scratchbox=\box26
\nofMPsegments=\count92
\nofMParguments=\count93
\MPscratchCnt=\count94
\MPscratchDim=\dimen110
\MPnumerator=\count95
\everyMPtoPDFconversion=\toks18
)
LaTeX Info: Redefining \dots on input line 16.
LaTeX Font Info:    Try loading font information for U+msa on input line 38.
 ("E:\Program Files\MiKTeX 2.7\tex\latex\amsfonts\umsa.fd"
File: umsa.fd 2002/01/19 v2.2g AMS font definitions
)
LaTeX Font Info:    Try loading font information for U+msb on input line 38.

("E:\Program Files\MiKTeX 2.7\tex\latex\amsfonts\umsb.fd"
File: umsb.fd 2002/01/19 v2.2g AMS font definitions
)
Underfull \hbox (badness 10000) in paragraph at lines 44--49

 []

[1

{C:/Users/Gael/AppData/Local/MiKTeX/2.7/pdftex/config/pdftex.map}]
(2006_02_23_Longitudinal_TOF_cutting_with_ceramic.aux) ) 
Here is how much of TeX's memory you used:
 1850 strings out of 95337
 22542 string characters out of 1184272
 75801 words of memory out of 1500000
 5047 multiletter control sequences out of 110000
 11663 words of font info for 38 fonts, out of 1200000 for 2000
 14 hyphenation exceptions out of 8191
 32i,11n,24p,320b,137s stack positions out of 5000i,500n,10000p,200000b,5000s
 <C:\Users\Gael\AppData
\Local\MiKTeX\2.7\fonts\pk\ljfour\jknappen\ec\dpi600\ecrm1095.pk> <C:\Users\Gae
l\AppData\Local\MiKTeX\2.7\fonts\pk\ljfour\jknappen\ec\dpi600\ecbx2074.pk><E:/P
rogram Files/MiKTeX 2.7/fonts/type1/bluesky/cm/cmex10.pfb><E:/Program Files/MiK
TeX 2.7/fonts/type1/bluesky/cm/cmmi10.pfb><E:/Program Files/MiKTeX 2.7/fonts/ty
pe1/bluesky/cm/cmmi6.pfb><E:/Program Files/MiKTeX 2.7/fonts/type1/bluesky/cm/cm
mi8.pfb><E:/Program Files/MiKTeX 2.7/fonts/type1/bluesky/cm/cmr10.pfb><E:/Progr
am Files/MiKTeX 2.7/fonts/type1/bluesky/cm/cmr6.pfb><E:/Program Files/MiKTeX 2.
7/fonts/type1/bluesky/cm/cmr8.pfb><E:/Program Files/MiKTeX 2.7/fonts/type1/blue
sky/cm/cmsy10.pfb><E:/Program Files/MiKTeX 2.7/fonts/type1/bluesky/cm/cmsy6.pfb
><E:/Program Files/MiKTeX 2.7/fonts/type1/bluesky/cm/cmti7.pfb>
Output written on 2006_02_23_Longitudinal_TOF_cutting_with_ceramic.pdf (1 page,
 67870 bytes).
PDF statistics:
 137 PDF objects out of 1000 (max. 8388607)
 0 named destinations out of 1000 (max. 131072)
 1 words of extra memory for PDF output out of 10000 (max. 10000000)

