This is e-TeX, Version 3.141592-2.1 (MiKTeX 2.4) (preloaded format=latex 2004.2.16)  1 FEB 2006 11:31
entering extended mode
**rapport.tex
(rapport.tex
LaTeX2e <2001/06/01>
Babel <v3.7m> and hyphenation patterns for english, french, german, ngerman, du
mylang, nohyphenation, loaded.
(C:\program files\texmf\tex\latex\base\article.cls
Document Class: article 2001/04/21 v1.4e Standard LaTeX document class
(C:\program files\texmf\tex\latex\base\size10.clo
File: size10.clo 2001/04/21 v1.4e Standard LaTeX file (size option)
)
\c@part=\count79
\c@section=\count80
\c@subsection=\count81
\c@subsubsection=\count82
\c@paragraph=\count83
\c@subparagraph=\count84
\c@figure=\count85
\c@table=\count86
\abovecaptionskip=\skip41
\belowcaptionskip=\skip42
\bibindent=\dimen102
)
(C:\program files\texmf\tex\generic\babel\babel.sty
Package: babel 2003/11/16 v3.7m The Babel package

(C:\program files\texmf\tex\generic\babel\frenchb.ldf
Language: french 2003/11/09 v1.6e French support from the babel system

(C:\program files\texmf\tex\generic\babel\babel.def
File: babel.def 2003/11/16 v3.7m Babel common definitions
\babel@savecnt=\count87
\U@D=\dimen103
)
Package babel Info: Making : an active character on input line 200.
Package babel Info: Making ; an active character on input line 201.
Package babel Info: Making ! an active character on input line 202.
Package babel Info: Making ? an active character on input line 203.
LaTeX Font Info:    Redeclaring font encoding T1 on input line 280.
\parindentFFN=\dimen104
\std@mcc=\count88
\dec@mcc=\count89

*************************************
* Local config file frenchb.cfg used
*
(C:\program files\texmf\tex\generic\babel\frenchb.cfg)))
(C:\program files\texmf\tex\latex\graphics\graphicx.sty
Package: graphicx 1999/02/16 v1.0f Enhanced LaTeX Graphics (DPC,SPQR)

(C:\program files\texmf\tex\latex\graphics\keyval.sty
Package: keyval 1999/03/16 v1.13 key=value parser (DPC)
\KV@toks@=\toks14
)
(C:\program files\texmf\tex\latex\graphics\graphics.sty
Package: graphics 2001/07/07 v1.0n Standard LaTeX Graphics (DPC,SPQR)

(C:\program files\texmf\tex\latex\graphics\trig.sty
Package: trig 1999/03/16 v1.09 sin cos tan (DPC)
)
(C:\program files\texmf\tex\latex\00miktex\graphics.cfg
File: graphics.cfg 2003/03/12 v1.1 MiKTeX 'graphics' configuration
)
Package graphics Info: Driver file: dvips.def on input line 80.

(C:\program files\texmf\tex\latex\graphics\dvips.def
File: dvips.def 1999/02/16 v3.0i Driver-dependant file (DPC,SPQR)
))
\Gin@req@height=\dimen105
\Gin@req@width=\dimen106
) (rapport.aux)
LaTeX Font Info:    Checking defaults for OML/cmm/m/it on input line 6.
LaTeX Font Info:    ... okay on input line 6.
LaTeX Font Info:    Checking defaults for T1/lmr/m/n on input line 6.
LaTeX Font Info:    Try loading font information for T1+lmr on input line 6.

(C:\program files\texmf\tex\latex\lm\t1lmr.fd
File: t1lmr.fd 2003/07/22 v1.1 Font defs for Latin Modern
)
LaTeX Font Info:    ... okay on input line 6.
LaTeX Font Info:    Checking defaults for OT1/cmr/m/n on input line 6.
LaTeX Font Info:    ... okay on input line 6.
LaTeX Font Info:    Checking defaults for OMS/cmsy/m/n on input line 6.
LaTeX Font Info:    ... okay on input line 6.
LaTeX Font Info:    Checking defaults for OMX/cmex/m/n on input line 6.
LaTeX Font Info:    ... okay on input line 6.
LaTeX Font Info:    Checking defaults for U/cmr/m/n on input line 6.
LaTeX Font Info:    ... okay on input line 6.
LaTeX Info: Redefining \dots on input line 6.
LaTeX Font Info:    External font `cmex10' loaded for size
(Font)              <14.4> on input line 42.
LaTeX Font Info:    External font `cmex10' loaded for size
(Font)              <7> on input line 42.
 [1

]
LaTeX Font Info:    External font `cmex10' loaded for size
(Font)              <5> on input line 77.

Overfull \hbox (1.1257pt too wide) in paragraph at lines 77--86
[][]\OT1/cmr/m/n/10 Quand un en-semble de $\OML/cmm/m/it/10 N$ \OT1/cmr/m/n/10 
atomes est po-la-rise dans une di-rec-tion $[]$, l'inegalite
 []

[2]
Underfull \hbox (badness 10000) in paragraph at lines 152--155

 []


Underfull \hbox (badness 10000) in paragraph at lines 156--164

 []


Underfull \hbox (badness 10000) in paragraph at lines 172--178

 []

[3]
Underfull \hbox (badness 10000) in paragraph at lines 188--194

 []

[4] (rapport.aux) ) 
Here is how much of TeX's memory you used:
 1146 strings out of 95933
 13038 string characters out of 1195252
 65792 words of memory out of 1066272
 4144 multiletter control sequences out of 35000
 7421 words of font info for 26 fonts, out of 500000 for 1000
 14 hyphenation exceptions out of 607
 25i,12n,24p,184b,165s stack positions out of 1500i,500n,5000p,200000b,32768s

Output written on rapport.dvi (4 pages, 13472 bytes).
